<?xml version="1.0" encoding="UTF-8"?>
<!-- Generated by org.testng.reporters.JUnitReportReporter -->
<testsuite hostname="mapkhome" name="TestCases.ForgorPasswordTest" tests="1" failures="0" timestamp="12 Feb 2020 07:42:03 GMT" time="36.089" errors="0">
  <testcase name="TC_4A_forgotPassword" time="36.089" classname="TestCases.ForgorPasswordTest"/>
</testsuite> <!-- TestCases.ForgorPasswordTest -->
