<?xml version="1.0" encoding="UTF-8"?>
<!-- Generated by org.testng.reporters.JUnitReportReporter -->
<testsuite hostname="mapkhome" name="TestCases.MainPageTest" tests="1" failures="0" timestamp="12 Feb 2020 20:16:08 GMT" time="40.573" errors="0">
  <testcase name="TC_05_SelectUserMenu" time="40.573" classname="TestCases.MainPageTest"/>
</testsuite> <!-- TestCases.MainPageTest -->
