<?xml version="1.0" encoding="UTF-8"?>
<!-- Generated by org.testng.reporters.JUnitReportReporter -->
<testsuite hostname="mapkhome" name="TestCases.HomePageTest" tests="1" failures="0" timestamp="12 Feb 2020 21:33:25 GMT" time="47.228" errors="0">
  <testcase name="TC_05_SelectUserMenu" time="47.228" classname="TestCases.HomePageTest"/>
</testsuite> <!-- TestCases.HomePageTest -->
