<?xml version="1.0" encoding="UTF-8"?>
<!-- Generated by org.testng.reporters.JUnitReportReporter -->
<testsuite hostname="mapkhome" name="TestCases.loginPageTest" tests="1" failures="0" timestamp="12 Feb 2020 08:11:57 GMT" time="24.570" errors="0">
  <testcase name="TC_4B_validateLoginErrorMessage" time="24.570" classname="TestCases.loginPageTest"/>
</testsuite> <!-- TestCases.loginPageTest -->
